{"meta": {"format": 3, "version": "7.9.2", "timestamp": "2025-07-07T21:21:39.311584", "branch_coverage": false, "show_contexts": false}, "files": {"scripts/benchmark_rules.py": {"executed_lines": [2, 7, 8, 9, 10, 11, 12, 13, 14, 15, 16, 17, 18, 20, 21, 22, 23, 24, 25, 26, 27, 28, 29, 30, 32, 33, 35, 36, 37, 38, 39, 41, 43, 44, 47, 49, 51, 53, 54, 57, 58, 59, 60, 63, 64, 65, 69, 70, 73, 74, 75, 78, 79, 80, 82, 94, 96, 98, 100, 101, 102, 103, 106, 112, 114, 118, 119, 120, 123, 124, 125, 127, 144, 146, 149, 150, 151, 161, 162, 165, 166, 167, 169, 170, 172, 197], "summary": {"covered_lines": 85, "num_statements": 108, "percent_covered": 78.70370370370371, "percent_covered_display": "78.70", "missing_lines": 23, "excluded_lines": 0}, "missing_lines": [45, 46, 66, 67, 107, 109, 110, 115, 173, 174, 176, 180, 182, 183, 184, 187, 188, 189, 190, 191, 192, 194, 198], "excluded_lines": [], "functions": {"BenchmarkResult.to_dict": {"executed_lines": [33], "summary": {"covered_lines": 1, "num_statements": 1, "percent_covered": 100.0, "percent_covered_display": "100.00", "missing_lines": 0, "excluded_lines": 0}, "missing_lines": [], "excluded_lines": []}, "RuleBenchmarker.__init__": {"executed_lines": [37, 38, 39], "summary": {"covered_lines": 3, "num_statements": 3, "percent_covered": 100.0, "percent_covered_display": "100.00", "missing_lines": 0, "excluded_lines": 0}, "missing_lines": [], "excluded_lines": []}, "RuleBenchmarker.estimate_tokens": {"executed_lines": [43, 44, 47, 49], "summary": {"covered_lines": 4, "num_statements": 6, "percent_covered": 66.66666666666667, "percent_covered_display": "66.67", "missing_lines": 2, "excluded_lines": 0}, "missing_lines": [45, 46], "excluded_lines": []}, "RuleBenchmarker.benchmark_rule": {"executed_lines": [53, 54, 57, 58, 59, 60, 63, 64, 65, 69, 70, 73, 74, 75, 78, 79, 80, 82], "summary": {"covered_lines": 18, "num_statements": 20, "percent_covered": 90.0, "percent_covered_display": "90.00", "missing_lines": 2, "excluded_lines": 0}, "missing_lines": [66, 67], "excluded_lines": []}, "RuleBenchmarker.benchmark_all": {"executed_lines": [96, 98, 100, 101, 102, 103, 106], "summary": {"covered_lines": 7, "num_statements": 10, "percent_covered": 70.0, "percent_covered_display": "70.00", "missing_lines": 3, "excluded_lines": 0}, "missing_lines": [107, 109, 110], "excluded_lines": []}, "RuleBenchmarker.generate_report": {"executed_lines": [114, 118, 119, 120, 123, 124, 125, 127], "summary": {"covered_lines": 8, "num_statements": 9, "percent_covered": 88.88888888888889, "percent_covered_display": "88.89", "missing_lines": 1, "excluded_lines": 0}, "missing_lines": [115], "excluded_lines": []}, "RuleBenchmarker.save_baseline": {"executed_lines": [146, 149, 150, 151, 161, 162, 165, 166, 167, 169, 170], "summary": {"covered_lines": 11, "num_statements": 11, "percent_covered": 100.0, "percent_covered_display": "100.00", "missing_lines": 0, "excluded_lines": 0}, "missing_lines": [], "excluded_lines": []}, "main": {"executed_lines": [], "summary": {"covered_lines": 0, "num_statements": 14, "percent_covered": 0.0, "percent_covered_display": "0.00", "missing_lines": 14, "excluded_lines": 0}, "missing_lines": [173, 174, 176, 180, 182, 183, 184, 187, 188, 189, 190, 191, 192, 194], "excluded_lines": []}, "": {"executed_lines": [2, 7, 8, 9, 10, 11, 12, 13, 14, 15, 16, 17, 18, 20, 21, 22, 23, 24, 25, 26, 27, 28, 29, 30, 32, 35, 36, 41, 51, 94, 112, 144, 172, 197], "summary": {"covered_lines": 33, "num_statements": 34, "percent_covered": 97.05882352941177, "percent_covered_display": "97.06", "missing_lines": 1, "excluded_lines": 0}, "missing_lines": [198], "excluded_lines": []}}, "classes": {"BenchmarkResult": {"executed_lines": [33], "summary": {"covered_lines": 1, "num_statements": 1, "percent_covered": 100.0, "percent_covered_display": "100.00", "missing_lines": 0, "excluded_lines": 0}, "missing_lines": [], "excluded_lines": []}, "RuleBenchmarker": {"executed_lines": [37, 38, 39, 43, 44, 47, 49, 53, 54, 57, 58, 59, 60, 63, 64, 65, 69, 70, 73, 74, 75, 78, 79, 80, 82, 96, 98, 100, 101, 102, 103, 106, 114, 118, 119, 120, 123, 124, 125, 127, 146, 149, 150, 151, 161, 162, 165, 166, 167, 169, 170], "summary": {"covered_lines": 51, "num_statements": 59, "percent_covered": 86.44067796610169, "percent_covered_display": "86.44", "missing_lines": 8, "excluded_lines": 0}, "missing_lines": [45, 46, 66, 67, 107, 109, 110, 115], "excluded_lines": []}, "": {"executed_lines": [2, 7, 8, 9, 10, 11, 12, 13, 14, 15, 16, 17, 18, 20, 21, 22, 23, 24, 25, 26, 27, 28, 29, 30, 32, 35, 36, 41, 51, 94, 112, 144, 172, 197], "summary": {"covered_lines": 33, "num_statements": 48, "percent_covered": 68.75, "percent_covered_display": "68.75", "missing_lines": 15, "excluded_lines": 0}, "missing_lines": [173, 174, 176, 180, 182, 183, 184, 187, 188, 189, 190, 191, 192, 194, 198], "excluded_lines": []}}}, "scripts/compare_benchmarks.py": {"executed_lines": [2, 4, 5, 6, 7, 9, 11, 12, 14, 16, 19, 20, 21, 24, 25, 26, 27, 29, 32, 33, 36, 37, 40, 41, 48, 49, 58, 59, 60, 61, 64, 65, 66, 67, 68, 69, 70, 73, 74, 75, 76, 77, 78, 79, 82, 83, 84, 85, 86, 87, 90, 92, 93, 95, 99, 100, 102, 105, 107, 121], "summary": {"covered_lines": 59, "num_statements": 69, "percent_covered": 85.5072463768116, "percent_covered_display": "85.51", "missing_lines": 10, "excluded_lines": 0}, "missing_lines": [108, 109, 110, 112, 113, 115, 116, 118, 119, 122], "excluded_lines": [], "functions": {"load_metrics": {"executed_lines": [11, 12], "summary": {"covered_lines": 2, "num_statements": 2, "percent_covered": 100.0, "percent_covered_display": "100.00", "missing_lines": 0, "excluded_lines": 0}, "missing_lines": [], "excluded_lines": []}, "compare_metrics": {"executed_lines": [16, 19, 20, 21, 24, 25, 26, 27, 29, 32, 33, 36, 37, 40, 41, 48, 49, 58, 59, 60, 61, 64, 65, 66, 67, 68, 69, 70, 73, 74, 75, 76, 77, 78, 79, 82, 83, 84, 85, 86, 87, 90, 92, 93, 95, 99, 100, 102, 105], "summary": {"covered_lines": 49, "num_statements": 49, "percent_covered": 100.0, "percent_covered_display": "100.00", "missing_lines": 0, "excluded_lines": 0}, "missing_lines": [], "excluded_lines": []}, "main": {"executed_lines": [], "summary": {"covered_lines": 0, "num_statements": 9, "percent_covered": 0.0, "percent_covered_display": "0.00", "missing_lines": 9, "excluded_lines": 0}, "missing_lines": [108, 109, 110, 112, 113, 115, 116, 118, 119], "excluded_lines": []}, "": {"executed_lines": [2, 4, 5, 6, 7, 9, 14, 107, 121], "summary": {"covered_lines": 8, "num_statements": 9, "percent_covered": 88.88888888888889, "percent_covered_display": "88.89", "missing_lines": 1, "excluded_lines": 0}, "missing_lines": [122], "excluded_lines": []}}, "classes": {"": {"executed_lines": [2, 4, 5, 6, 7, 9, 11, 12, 14, 16, 19, 20, 21, 24, 25, 26, 27, 29, 32, 33, 36, 37, 40, 41, 48, 49, 58, 59, 60, 61, 64, 65, 66, 67, 68, 69, 70, 73, 74, 75, 76, 77, 78, 79, 82, 83, 84, 85, 86, 87, 90, 92, 93, 95, 99, 100, 102, 105, 107, 121], "summary": {"covered_lines": 59, "num_statements": 69, "percent_covered": 85.5072463768116, "percent_covered_display": "85.51", "missing_lines": 10, "excluded_lines": 0}, "missing_lines": [108, 109, 110, 112, 113, 115, 116, 118, 119, 122], "excluded_lines": []}}}, "scripts/generate_docs.py": {"executed_lines": [2, 7, 8, 9, 10, 11, 12, 13, 16, 17, 18, 19, 20, 21, 23, 25, 26, 29, 30, 31, 33, 34, 35, 42, 43, 44, 45, 47, 48, 50, 52, 53, 56, 57, 58, 60, 61, 62, 63, 66, 67, 70, 71, 75, 76, 79, 80, 86, 87, 88, 90, 92, 94, 95, 97, 100, 101, 102, 103, 104, 105, 106, 107, 110, 111, 112, 115, 116, 117, 118, 119, 120, 121, 122, 123, 124, 127, 128, 129, 130, 131, 132, 133, 135, 136, 139, 140, 141, 142, 143, 144, 145, 146, 149, 152, 153, 154, 155, 156, 158, 159, 162, 163, 164, 165, 168, 170, 172, 175, 176, 177, 178, 179, 180, 181, 182, 183, 184, 187, 188, 191, 192, 193, 194, 195, 196, 197, 200, 201, 202, 203, 205, 206, 207, 209, 211, 213, 216, 219, 220, 221, 223, 224, 225, 226, 227, 232, 237, 243, 248, 249, 250, 253, 255, 256, 257, 260, 261, 262, 263, 265, 267, 268, 271, 272, 273, 276, 277, 280, 281, 282, 283, 286, 287, 288, 289, 290, 293, 294, 295, 296, 297, 298, 300, 304, 306, 322, 323, 324, 325, 326, 327, 328, 329, 334, 335, 336, 341, 344, 346, 360, 361, 368, 375, 376, 380, 381, 382, 384, 385, 389, 390, 391, 392, 393, 394, 395, 396, 398, 401, 403, 412, 413, 414, 421, 424, 426, 437, 438, 440, 443, 445, 446, 449, 450, 453, 454, 457, 464, 465, 467, 468, 471, 475, 477, 478, 481], "summary": {"covered_lines": 246, "num_statements": 257, "percent_covered": 95.71984435797665, "percent_covered_display": "95.72", "missing_lines": 11, "excluded_lines": 0}, "missing_lines": [27, 148, 166, 229, 330, 331, 337, 338, 339, 455, 482], "excluded_lines": [], "functions": {"DocsGenerator.__init__": {"executed_lines": [18, 19, 20, 21], "summary": {"covered_lines": 4, "num_statements": 4, "percent_covered": 100.0, "percent_covered_display": "100.00", "missing_lines": 0, "excluded_lines": 0}, "missing_lines": [], "excluded_lines": []}, "DocsGenerator.load_all_metadata": {"executed_lines": [25, 26, 29, 30, 31, 33, 34, 35, 42, 43, 44, 45, 47, 48], "summary": {"covered_lines": 14, "num_statements": 15, "percent_covered": 93.33333333333333, "percent_covered_display": "93.33", "missing_lines": 1, "excluded_lines": 0}, "missing_lines": [27], "excluded_lines": []}, "DocsGenerator.generate_index": {"executed_lines": [52, 53, 56, 57, 58, 60, 61, 62, 63, 66, 67, 70, 71, 75, 76, 79, 80, 86, 87, 88, 90], "summary": {"covered_lines": 21, "num_statements": 21, "percent_covered": 100.0, "percent_covered_display": "100.00", "missing_lines": 0, "excluded_lines": 0}, "missing_lines": [], "excluded_lines": []}, "DocsGenerator.generate_rule_doc": {"executed_lines": [94, 95, 97, 100, 101, 102, 103, 104, 105, 106, 107, 110, 111, 112, 115, 116, 117, 118, 119, 120, 121, 122, 123, 124, 127, 128, 129, 130, 131, 132, 133, 135, 136, 139, 140, 141, 142, 143, 144, 145, 146, 149, 152, 153, 154, 155, 156, 158, 159, 162, 163, 164, 165, 168], "summary": {"covered_lines": 54, "num_statements": 56, "percent_covered": 96.42857142857143, "percent_covered_display": "96.43", "missing_lines": 2, "excluded_lines": 0}, "missing_lines": [148, 166], "excluded_lines": []}, "DocsGenerator.generate_category_doc": {"executed_lines": [172, 175, 176, 177, 178, 179, 180, 181, 182, 183, 184, 187, 188, 191, 192, 193, 194, 195, 196, 197, 200, 201, 202, 203, 205, 206, 207, 209], "summary": {"covered_lines": 28, "num_statements": 28, "percent_covered": 100.0, "percent_covered_display": "100.00", "missing_lines": 0, "excluded_lines": 0}, "missing_lines": [], "excluded_lines": []}, "DocsGenerator.generate_dependency_graph": {"executed_lines": [213, 216, 219, 220, 221, 223, 224, 225, 226, 227, 232, 237, 243, 248, 249, 250, 253, 255, 256, 257, 260, 261, 262, 263], "summary": {"covered_lines": 24, "num_statements": 25, "percent_covered": 96.0, "percent_covered_display": "96.00", "missing_lines": 1, "excluded_lines": 0}, "missing_lines": [229], "excluded_lines": []}, "DocsGenerator.generate_all": {"executed_lines": [267, 268, 271, 272, 273, 276, 277, 280, 281, 282, 283, 286, 287, 288, 289, 290, 293, 294, 295, 296, 297, 298, 300], "summary": {"covered_lines": 23, "num_statements": 23, "percent_covered": 100.0, "percent_covered_display": "100.00", "missing_lines": 0, "excluded_lines": 0}, "missing_lines": [], "excluded_lines": []}, "extract_rule_info": {"executed_lines": [306, 322, 323, 324, 325, 326, 327, 328, 329, 334, 335, 336, 341], "summary": {"covered_lines": 13, "num_statements": 18, "percent_covered": 72.22222222222223, "percent_covered_display": "72.22", "missing_lines": 5, "excluded_lines": 0}, "missing_lines": [330, 331, 337, 338, 339], "excluded_lines": []}, "generate_rule_doc": {"executed_lines": [346, 360, 361, 368, 375, 376, 380, 381, 382, 384, 385, 389, 390, 391, 392, 393, 394, 395, 396, 398], "summary": {"covered_lines": 20, "num_statements": 20, "percent_covered": 100.0, "percent_covered_display": "100.00", "missing_lines": 0, "excluded_lines": 0}, "missing_lines": [], "excluded_lines": []}, "generate_category_index": {"executed_lines": [403, 412, 413, 414, 421], "summary": {"covered_lines": 5, "num_statements": 5, "percent_covered": 100.0, "percent_covered_display": "100.00", "missing_lines": 0, "excluded_lines": 0}, "missing_lines": [], "excluded_lines": []}, "generate_main_index": {"executed_lines": [426, 437, 438, 440], "summary": {"covered_lines": 4, "num_statements": 4, "percent_covered": 100.0, "percent_covered_display": "100.00", "missing_lines": 0, "excluded_lines": 0}, "missing_lines": [], "excluded_lines": []}, "generate_all_docs": {"executed_lines": [445, 446, 449, 450, 453, 454, 457], "summary": {"covered_lines": 7, "num_statements": 8, "percent_covered": 87.5, "percent_covered_display": "87.50", "missing_lines": 1, "excluded_lines": 0}, "missing_lines": [455], "excluded_lines": []}, "main": {"executed_lines": [465, 467, 468, 471, 475, 477, 478], "summary": {"covered_lines": 7, "num_statements": 7, "percent_covered": 100.0, "percent_covered_display": "100.00", "missing_lines": 0, "excluded_lines": 0}, "missing_lines": [], "excluded_lines": []}, "": {"executed_lines": [2, 7, 8, 9, 10, 11, 12, 13, 16, 17, 23, 50, 92, 170, 211, 265, 304, 344, 401, 424, 443, 464, 481], "summary": {"covered_lines": 22, "num_statements": 23, "percent_covered": 95.65217391304348, "percent_covered_display": "95.65", "missing_lines": 1, "excluded_lines": 0}, "missing_lines": [482], "excluded_lines": []}}, "classes": {"DocsGenerator": {"executed_lines": [18, 19, 20, 21, 25, 26, 29, 30, 31, 33, 34, 35, 42, 43, 44, 45, 47, 48, 52, 53, 56, 57, 58, 60, 61, 62, 63, 66, 67, 70, 71, 75, 76, 79, 80, 86, 87, 88, 90, 94, 95, 97, 100, 101, 102, 103, 104, 105, 106, 107, 110, 111, 112, 115, 116, 117, 118, 119, 120, 121, 122, 123, 124, 127, 128, 129, 130, 131, 132, 133, 135, 136, 139, 140, 141, 142, 143, 144, 145, 146, 149, 152, 153, 154, 155, 156, 158, 159, 162, 163, 164, 165, 168, 172, 175, 176, 177, 178, 179, 180, 181, 182, 183, 184, 187, 188, 191, 192, 193, 194, 195, 196, 197, 200, 201, 202, 203, 205, 206, 207, 209, 213, 216, 219, 220, 221, 223, 224, 225, 226, 227, 232, 237, 243, 248, 249, 250, 253, 255, 256, 257, 260, 261, 262, 263, 267, 268, 271, 272, 273, 276, 277, 280, 281, 282, 283, 286, 287, 288, 289, 290, 293, 294, 295, 296, 297, 298, 300], "summary": {"covered_lines": 168, "num_statements": 172, "percent_covered": 97.67441860465117, "percent_covered_display": "97.67", "missing_lines": 4, "excluded_lines": 0}, "missing_lines": [27, 148, 166, 229], "excluded_lines": []}, "": {"executed_lines": [2, 7, 8, 9, 10, 11, 12, 13, 16, 17, 23, 50, 92, 170, 211, 265, 304, 306, 322, 323, 324, 325, 326, 327, 328, 329, 334, 335, 336, 341, 344, 346, 360, 361, 368, 375, 376, 380, 381, 382, 384, 385, 389, 390, 391, 392, 393, 394, 395, 396, 398, 401, 403, 412, 413, 414, 421, 424, 426, 437, 438, 440, 443, 445, 446, 449, 450, 453, 454, 457, 464, 465, 467, 468, 471, 475, 477, 478, 481], "summary": {"covered_lines": 78, "num_statements": 85, "percent_covered": 91.76470588235294, "percent_covered_display": "91.76", "missing_lines": 7, "excluded_lines": 0}, "missing_lines": [330, 331, 337, 338, 339, 455, 482], "excluded_lines": []}}}, "scripts/rule_validator.py": {"executed_lines": [2, 4, 5, 6, 7, 8, 11, 12, 15, 16, 19, 20, 21, 22, 26, 27, 28, 30, 32, 33, 34, 36, 37, 39, 40, 43, 47, 49, 59, 60, 61, 64, 65, 68, 69, 70, 71, 74, 75, 76, 77, 83, 85, 88, 90, 92, 94, 95, 96, 98, 99, 101, 103, 105, 107, 108, 109, 110, 112, 113, 114, 116, 118, 119, 121, 122, 124, 125, 126, 127, 129, 131, 134, 141, 142, 143, 145, 146, 148, 150, 152, 153, 155, 156, 157, 159, 160, 161, 164, 165, 170, 179, 181, 189, 190, 192, 193, 194, 196, 197, 200, 201, 202, 205, 209, 210, 211, 215, 218, 243], "summary": {"covered_lines": 109, "num_statements": 140, "percent_covered": 77.85714285714286, "percent_covered_display": "77.86", "missing_lines": 31, "excluded_lines": 0}, "missing_lines": [23, 41, 44, 45, 79, 80, 81, 115, 166, 167, 168, 206, 212, 213, 219, 221, 222, 223, 225, 227, 229, 230, 231, 233, 234, 235, 236, 237, 239, 240, 244], "excluded_lines": [], "functions": {"RuleValidator.__init__": {"executed_lines": [21, 22, 26, 27, 28], "summary": {"covered_lines": 5, "num_statements": 6, "percent_covered": 83.33333333333333, "percent_covered_display": "83.33", "missing_lines": 1, "excluded_lines": 0}, "missing_lines": [23], "excluded_lines": []}, "RuleValidator._parse_yaml_metadata": {"executed_lines": [32, 33, 34, 36, 37, 39, 40, 43], "summary": {"covered_lines": 8, "num_statements": 11, "percent_covered": 72.72727272727273, "percent_covered_display": "72.73", "missing_lines": 3, "excluded_lines": 0}, "missing_lines": [41, 44, 45], "excluded_lines": []}, "RuleValidator._validate_structure": {"executed_lines": [49, 59, 60, 61, 64, 65, 68, 69, 70, 71, 74, 75, 76, 77, 83], "summary": {"covered_lines": 15, "num_statements": 18, "percent_covered": 83.33333333333333, "percent_covered_display": "83.33", "missing_lines": 3, "excluded_lines": 0}, "missing_lines": [79, 80, 81], "excluded_lines": []}, "RuleValidator._count_tokens": {"executed_lines": [88], "summary": {"covered_lines": 1, "num_statements": 1, "percent_covered": 100.0, "percent_covered_display": "100.00", "missing_lines": 0, "excluded_lines": 0}, "missing_lines": [], "excluded_lines": []}, "RuleValidator._build_dependency_graph": {"executed_lines": [92, 94, 95, 96, 98, 99, 101], "summary": {"covered_lines": 7, "num_statements": 7, "percent_covered": 100.0, "percent_covered_display": "100.00", "missing_lines": 0, "excluded_lines": 0}, "missing_lines": [], "excluded_lines": []}, "RuleValidator._has_circular_dependencies": {"executed_lines": [105, 107, 124, 125, 126, 127, 129], "summary": {"covered_lines": 7, "num_statements": 7, "percent_covered": 100.0, "percent_covered_display": "100.00", "missing_lines": 0, "excluded_lines": 0}, "missing_lines": [], "excluded_lines": []}, "RuleValidator._has_circular_dependencies.dfs": {"executed_lines": [108, 109, 110, 112, 113, 114, 116, 118, 119, 121, 122], "summary": {"covered_lines": 11, "num_statements": 12, "percent_covered": 91.66666666666667, "percent_covered_display": "91.67", "missing_lines": 1, "excluded_lines": 0}, "missing_lines": [115], "excluded_lines": []}, "RuleValidator._validate_performance": {"executed_lines": [134, 141, 142, 143, 145, 146, 148], "summary": {"covered_lines": 7, "num_statements": 7, "percent_covered": 100.0, "percent_covered_display": "100.00", "missing_lines": 0, "excluded_lines": 0}, "missing_lines": [], "excluded_lines": []}, "RuleValidator.validate_single": {"executed_lines": [152, 153, 155, 156, 157, 159, 160, 161, 164, 165, 170], "summary": {"covered_lines": 11, "num_statements": 14, "percent_covered": 78.57142857142857, "percent_covered_display": "78.57", "missing_lines": 3, "excluded_lines": 0}, "missing_lines": [166, 167, 168], "excluded_lines": []}, "RuleValidator.validate_all": {"executed_lines": [181, 189, 190, 192, 193, 194, 196, 197, 200, 201, 202, 205, 209, 210, 211, 215], "summary": {"covered_lines": 16, "num_statements": 19, "percent_covered": 84.21052631578948, "percent_covered_display": "84.21", "missing_lines": 3, "excluded_lines": 0}, "missing_lines": [206, 212, 213], "excluded_lines": []}, "main": {"executed_lines": [], "summary": {"covered_lines": 0, "num_statements": 16, "percent_covered": 0.0, "percent_covered_display": "0.00", "missing_lines": 16, "excluded_lines": 0}, "missing_lines": [219, 221, 222, 223, 225, 227, 229, 230, 231, 233, 234, 235, 236, 237, 239, 240], "excluded_lines": []}, "": {"executed_lines": [2, 4, 5, 6, 7, 8, 11, 12, 15, 16, 19, 20, 30, 47, 85, 90, 103, 131, 150, 179, 218, 243], "summary": {"covered_lines": 21, "num_statements": 22, "percent_covered": 95.45454545454545, "percent_covered_display": "95.45", "missing_lines": 1, "excluded_lines": 0}, "missing_lines": [244], "excluded_lines": []}}, "classes": {"ValidationError": {"executed_lines": [], "summary": {"covered_lines": 0, "num_statements": 0, "percent_covered": 100.0, "percent_covered_display": "100.00", "missing_lines": 0, "excluded_lines": 0}, "missing_lines": [], "excluded_lines": []}, "CircularDependencyError": {"executed_lines": [], "summary": {"covered_lines": 0, "num_statements": 0, "percent_covered": 100.0, "percent_covered_display": "100.00", "missing_lines": 0, "excluded_lines": 0}, "missing_lines": [], "excluded_lines": []}, "RuleValidator": {"executed_lines": [21, 22, 26, 27, 28, 32, 33, 34, 36, 37, 39, 40, 43, 49, 59, 60, 61, 64, 65, 68, 69, 70, 71, 74, 75, 76, 77, 83, 88, 92, 94, 95, 96, 98, 99, 101, 105, 107, 108, 109, 110, 112, 113, 114, 116, 118, 119, 121, 122, 124, 125, 126, 127, 129, 134, 141, 142, 143, 145, 146, 148, 152, 153, 155, 156, 157, 159, 160, 161, 164, 165, 170, 181, 189, 190, 192, 193, 194, 196, 197, 200, 201, 202, 205, 209, 210, 211, 215], "summary": {"covered_lines": 88, "num_statements": 102, "percent_covered": 86.27450980392157, "percent_covered_display": "86.27", "missing_lines": 14, "excluded_lines": 0}, "missing_lines": [23, 41, 44, 45, 79, 80, 81, 115, 166, 167, 168, 206, 212, 213], "excluded_lines": []}, "": {"executed_lines": [2, 4, 5, 6, 7, 8, 11, 12, 15, 16, 19, 20, 30, 47, 85, 90, 103, 131, 150, 179, 218, 243], "summary": {"covered_lines": 21, "num_statements": 38, "percent_covered": 55.26315789473684, "percent_covered_display": "55.26", "missing_lines": 17, "excluded_lines": 0}, "missing_lines": [219, 221, 222, 223, 225, 227, 229, 230, 231, 233, 234, 235, 236, 237, 239, 240, 244], "excluded_lines": []}}}}, "totals": {"covered_lines": 499, "num_statements": 574, "percent_covered": 86.93379790940766, "percent_covered_display": "86.93", "missing_lines": 75, "excluded_lines": 0}}